<?xml version="1.0" encoding="utf-8"?><testsuites name="pytest tests"><testsuite name="pytest" errors="0" failures="1" skipped="0" tests="23" time="5.985" timestamp="2026-04-20T11:34:42.994764+00:00" hostname="agent-env-61a3959e-afbf-4aa8-a355-a4aaf0524e17"><testcase classname="backend.tests.test_nayara_backend.TestProducts" name="test_list_products_no_id_leak" time="0.293" /><testcase classname="backend.tests.test_nayara_backend.TestProducts" name="test_filter_category_laundry" time="0.159" /><testcase classname="backend.tests.test_nayara_backend.TestProducts" name="test_search_soap" time="0.108" /><testcase classname="backend.tests.test_nayara_backend.TestProducts" name="test_featured_true" time="0.110" /><testcase classname="backend.tests.test_nayara_backend.TestProducts" name="test_get_product_by_id" time="0.149" /><testcase classname="backend.tests.test_nayara_backend.TestProducts" name="test_get_product_404" time="0.105" /><testcase classname="backend.tests.test_nayara_backend.TestAuth" name="test_invalid_session_id" time="0.236" /><testcase classname="backend.tests.test_nayara_backend.TestAuth" name="test_me_without_auth" time="0.121" /><testcase classname="backend.tests.test_nayara_backend.TestAuth" name="test_me_with_bearer" time="0.144" /><testcase classname="backend.tests.test_nayara_backend.TestAuth" name="test_protected_routes_401" time="0.210" /><testcase classname="backend.tests.test_nayara_backend.TestCart" name="test_cart_flow" time="0.647" /><testcase classname="backend.tests.test_nayara_backend.TestWishlist" name="test_wishlist_flow" time="0.320" /><testcase classname="backend.tests.test_nayara_backend.TestReviews" name="test_review_creates_and_bumps_rating" time="0.334" /><testcase classname="backend.tests.test_nayara_backend.TestContact" name="test_contact_submit" time="0.144" /><testcase classname="backend.tests.test_nayara_backend.TestOrders" name="test_order_cod" time="0.259" /><testcase classname="backend.tests.test_nayara_backend.TestOrders" name="test_order_upi_paid" time="0.167"><failure message="AssertionError: assert 'pending' == 'paid'&#10;  &#10;  - paid&#10;  + pending">backend/tests/test_nayara_backend.py:173: in test_order_upi_paid
    assert r.json()["payment_status"] == "paid"
E   AssertionError: assert 'pending' == 'paid'
E     
E     - paid
E     + pending</failure></testcase><testcase classname="backend.tests.test_nayara_backend.TestOrders" name="test_order_card_pending" time="0.172" /><testcase classname="backend.tests.test_nayara_backend.TestOrders" name="test_my_orders_only_own" time="0.113" /><testcase classname="backend.tests.test_nayara_backend.TestOrders" name="test_get_order_forbidden_for_other" time="0.482" /><testcase classname="backend.tests.test_nayara_backend.TestStripe" name="test_create_checkout_session" time="0.716" /><testcase classname="backend.tests.test_nayara_backend.TestAdmin" name="test_non_admin_403" time="0.347" /><testcase classname="backend.tests.test_nayara_backend.TestAdmin" name="test_admin_200" time="0.259" /><testcase classname="backend.tests.test_nayara_backend.TestAdmin" name="test_admin_update_order" time="0.296" /></testsuite></testsuites>